 BELLHOP/BELLHOP3D

 BELLHOP- RealCase_Bellhop_f100                                                  
 frequency =   100.0     Hz

 Dummy parameter NMedia =            1

     C-linear approximation to SSP
     Attenuation units: dB/wavelength
     FILE used for reflection loss

 Depth =       0.00 m

 Sound speed profile:
   z (m)     alphaR (m/s)   betaR  rho (g/cm^3)  alphaI     betaI

  -1000.00       347.22      0.00     1.00       0.0000    0.0000
   -990.00       347.22      0.00     1.00       0.0000    0.0000
   -980.00       347.22      0.00     1.00       0.0000    0.0000
   -970.00       347.21      0.00     1.00       0.0000    0.0000
   -960.00       347.21      0.00     1.00       0.0000    0.0000
   -950.00       347.20      0.00     1.00       0.0000    0.0000
   -940.00       347.20      0.00     1.00       0.0000    0.0000
   -930.00       347.20      0.00     1.00       0.0000    0.0000
   -920.00       347.19      0.00     1.00       0.0000    0.0000
   -910.00       347.19      0.00     1.00       0.0000    0.0000
   -900.00       347.18      0.00     1.00       0.0000    0.0000
   -890.00       347.18      0.00     1.00       0.0000    0.0000
   -880.00       347.17      0.00     1.00       0.0000    0.0000
   -870.00       347.17      0.00     1.00       0.0000    0.0000
   -860.00       347.16      0.00     1.00       0.0000    0.0000
   -850.00       347.16      0.00     1.00       0.0000    0.0000
   -840.00       347.15      0.00     1.00       0.0000    0.0000
   -830.00       347.15      0.00     1.00       0.0000    0.0000
   -820.00       347.14      0.00     1.00       0.0000    0.0000
   -810.00       347.14      0.00     1.00       0.0000    0.0000
   -800.00       347.13      0.00     1.00       0.0000    0.0000
   -790.00       347.13      0.00     1.00       0.0000    0.0000
   -780.00       347.12      0.00     1.00       0.0000    0.0000
   -770.00       347.12      0.00     1.00       0.0000    0.0000
   -760.00       347.11      0.00     1.00       0.0000    0.0000
   -750.00       347.11      0.00     1.00       0.0000    0.0000
   -740.00       347.10      0.00     1.00       0.0000    0.0000
   -730.00       347.10      0.00     1.00       0.0000    0.0000
   -720.00       347.09      0.00     1.00       0.0000    0.0000
   -710.00       347.09      0.00     1.00       0.0000    0.0000
   -700.00       347.08      0.00     1.00       0.0000    0.0000
   -690.00       347.07      0.00     1.00       0.0000    0.0000
   -680.00       347.07      0.00     1.00       0.0000    0.0000
   -670.00       347.06      0.00     1.00       0.0000    0.0000
   -660.00       347.06      0.00     1.00       0.0000    0.0000
   -650.00       347.05      0.00     1.00       0.0000    0.0000
   -640.00       347.04      0.00     1.00       0.0000    0.0000
   -630.00       347.04      0.00     1.00       0.0000    0.0000
   -620.00       347.03      0.00     1.00       0.0000    0.0000
   -610.00       347.02      0.00     1.00       0.0000    0.0000
   -600.00       347.02      0.00     1.00       0.0000    0.0000
   -590.00       347.01      0.00     1.00       0.0000    0.0000
   -580.00       347.00      0.00     1.00       0.0000    0.0000
   -570.00       347.00      0.00     1.00       0.0000    0.0000
   -560.00       346.99      0.00     1.00       0.0000    0.0000
   -550.00       346.98      0.00     1.00       0.0000    0.0000
   -540.00       346.97      0.00     1.00       0.0000    0.0000
   -530.00       346.97      0.00     1.00       0.0000    0.0000
   -520.00       346.96      0.00     1.00       0.0000    0.0000
   -510.00       346.95      0.00     1.00       0.0000    0.0000
   -500.00       346.94      0.00     1.00       0.0000    0.0000
   -490.00       346.94      0.00     1.00       0.0000    0.0000
   -480.00       346.93      0.00     1.00       0.0000    0.0000
   -470.00       346.92      0.00     1.00       0.0000    0.0000
   -460.00       346.91      0.00     1.00       0.0000    0.0000
   -450.00       346.90      0.00     1.00       0.0000    0.0000
   -440.00       346.89      0.00     1.00       0.0000    0.0000
   -430.00       346.88      0.00     1.00       0.0000    0.0000
   -420.00       346.87      0.00     1.00       0.0000    0.0000
   -410.00       346.86      0.00     1.00       0.0000    0.0000
   -400.00       346.85      0.00     1.00       0.0000    0.0000
   -390.00       346.84      0.00     1.00       0.0000    0.0000
   -380.00       346.83      0.00     1.00       0.0000    0.0000
   -370.00       346.82      0.00     1.00       0.0000    0.0000
   -360.00       346.81      0.00     1.00       0.0000    0.0000
   -350.00       346.80      0.00     1.00       0.0000    0.0000
   -340.00       346.79      0.00     1.00       0.0000    0.0000
   -330.00       346.78      0.00     1.00       0.0000    0.0000
   -320.00       346.76      0.00     1.00       0.0000    0.0000
   -310.00       346.75      0.00     1.00       0.0000    0.0000
   -300.00       346.74      0.00     1.00       0.0000    0.0000
   -290.00       346.72      0.00     1.00       0.0000    0.0000
   -280.00       346.71      0.00     1.00       0.0000    0.0000
   -270.00       346.69      0.00     1.00       0.0000    0.0000
   -260.00       346.68      0.00     1.00       0.0000    0.0000
   -250.00       346.66      0.00     1.00       0.0000    0.0000
   -240.00       346.65      0.00     1.00       0.0000    0.0000
   -230.00       346.63      0.00     1.00       0.0000    0.0000
   -220.00       346.61      0.00     1.00       0.0000    0.0000
   -210.00       346.59      0.00     1.00       0.0000    0.0000
   -200.00       346.57      0.00     1.00       0.0000    0.0000
   -190.00       346.55      0.00     1.00       0.0000    0.0000
   -180.00       346.53      0.00     1.00       0.0000    0.0000
   -170.00       346.51      0.00     1.00       0.0000    0.0000
   -160.00       346.48      0.00     1.00       0.0000    0.0000
   -150.00       346.46      0.00     1.00       0.0000    0.0000
   -140.00       346.43      0.00     1.00       0.0000    0.0000
   -130.00       346.40      0.00     1.00       0.0000    0.0000
   -120.00       346.36      0.00     1.00       0.0000    0.0000
   -110.00       346.33      0.00     1.00       0.0000    0.0000
   -100.00       346.29      0.00     1.00       0.0000    0.0000
    -90.00       346.25      0.00     1.00       0.0000    0.0000
    -80.00       346.20      0.00     1.00       0.0000    0.0000
    -70.00       346.15      0.00     1.00       0.0000    0.0000
    -60.00       346.08      0.00     1.00       0.0000    0.0000
    -50.00       346.01      0.00     1.00       0.0000    0.0000
    -40.00       345.92      0.00     1.00       0.0000    0.0000
    -30.00       345.80      0.00     1.00       0.0000    0.0000
    -20.00       345.64      0.00     1.00       0.0000    0.0000
    -10.00       345.36      0.00     1.00       0.0000    0.0000
      0.00       343.00      0.00     1.00       0.0000    0.0000

                                 ( RMS roughness =   0.00     )
     Bathymetry file selected
     FILE used for reflection loss

 __________________________________________________________________________

 Number of source   depths, Sz =            1
 source   depths, Sz (m)
  -249.000    


 __________________________________________________________________________

 Number of receiver depths, Rz =         1001
 receiver depths, Rz (m)
  -1000.00      -999.000      -998.000      -997.000      -996.000    
  -995.000      -994.000      -993.000      -992.000      -991.000    
          ... 
   0.00000    


 __________________________________________________________________________

 Number of receiver ranges, Rr =        10001
 receiver ranges, Rr (km)
   0.00000      0.100000E-02  0.200000E-02  0.300000E-02  0.400000E-02
  0.500000E-02  0.600000E-02  0.700000E-02  0.800000E-02  0.900000E-02
          ... 
   10.0000    


 Coherent TL calculation
 Geometric hat beams in Cartesian coordinates
 Point source (cylindrical coordinates)
 Rectilinear receiver grid: Receivers at Rr( : ) x Rz( : )

 Number of beams in elevation   =         1601
 Beam take-off angles (degrees)
  -80.0000      -79.9000      -79.8000      -79.7000      -79.6000    
  -79.5000      -79.4000      -79.3000      -79.2000      -79.1000    
          ... 
   80.0000    

 __________________________________________________________________________


 Step length,       deltas =   0.000     m

 Maximum ray depth, Box%z  =   1100.     m
 Maximum ray range, Box%r  =  0.1100E+05 m
 No beam shift in effect

 *********************************
 Using bottom-bathymetry file
 Curvilinear Interpolation
 Number of bathymetry points          72

 Short format (bathymetry only)
  Range (km)  Depth (m)
   0.00      -169.    
  0.100      -181.    
  0.201      -171.    
  0.301      -162.    
  0.402      -164.    
  0.502      -148.    
  0.602      -125.    
  0.703      -118.    
  0.803      -119.    
  0.903      -127.    
   1.00      -140.    
   1.10      -145.    
   1.20      -125.    
   1.30      -102.    
   1.41      -113.    
   1.51      -130.    
   1.61      -129.    
   1.71      -131.    
   1.81      -119.    
 Using tabulated bottom reflection coef.
 Number of points in bottom reflection coefficient =          100
 Using tabulated top    reflection coef.
 Number of points in top reflection coefficient =            3

 Step length,       deltas =   100.0     m (automatically selected)

Tracing beam       1    -80.00

 Geometric hat beams                     
 halfwidth  =    632.23358390648593     
 epsilonOpt =  (  0.0000000000000000     ,  125575523.08898266     )
 EpsMult    =    1.0000000000000000     

Tracing beam      33    -76.80
Tracing beam      65    -73.60
Tracing beam      97    -70.40
Tracing beam     129    -67.20
Tracing beam     161    -64.00
Tracing beam     193    -60.80
Tracing beam     225    -57.60
Tracing beam     257    -54.40
Tracing beam     289    -51.20
Tracing beam     321    -48.00
Tracing beam     353    -44.80
Tracing beam     385    -41.60
Tracing beam     417    -38.40
Tracing beam     449    -35.20
Tracing beam     481    -32.00
Tracing beam     513    -28.80
Tracing beam     545    -25.60
Tracing beam     577    -22.40
Tracing beam     609    -19.20
Tracing beam     641    -16.00
Tracing beam     673    -12.80
Tracing beam     705     -9.60
Tracing beam     737     -6.40
Tracing beam     769     -3.20
Tracing beam     801      0.00
Tracing beam     833      3.20
Tracing beam     865      6.40
Tracing beam     897      9.60
Tracing beam     929     12.80
Tracing beam     961     16.00
Tracing beam     993     19.20
Tracing beam    1025     22.40
Tracing beam    1057     25.60
Tracing beam    1089     28.80
Tracing beam    1121     32.00
Tracing beam    1153     35.20
Tracing beam    1185     38.40
Tracing beam    1217     41.60
Tracing beam    1249     44.80
Tracing beam    1281     48.00
Tracing beam    1313     51.20
Tracing beam    1345     54.40
Tracing beam    1377     57.60
Tracing beam    1409     60.80
Tracing beam    1441     64.00
Tracing beam    1473     67.20
Tracing beam    1505     70.40
Tracing beam    1537     73.60
Tracing beam    1569     76.80
Tracing beam    1601     80.00

 CPU Time =        29.2    s
